<?xml version="1.0" encoding="UTF-8"?>
<!-- Generated by org.testng.reporters.JUnitReportReporter -->
<testsuite hostname="LAPTOP-9L45G11A" failures="0" tests="1" name="com.cjc.test.LoginPageMTTest" time="1.365" errors="0" timestamp="2024-09-16T12:50:10 IST" skipped="0">
  <testcase classname="com.cjc.test.LoginPageMTTest" name="loginTestMethod1" time="1.365"/>
  <system-out/>
</testsuite> <!-- com.cjc.test.LoginPageMTTest -->
